<?xml version="1.0" encoding="UTF-8"?>
<!-- Generated by org.testng.reporters.JUnitXMLReporter -->
<testsuite ignored="0" hostname="Yadav" failures="1" tests="1" name="linux firefox" time="26.921" errors="0" timestamp="2024-12-18T09:07:14 IST">
  <testcase classname="testCases.TC002_LoginPageTest" name="verifyLogin" time="11.075">
    <failure type="java.lang.AssertionError" message="expected [true] but found [false]">
      <![CDATA[java.lang.AssertionError: expected [true] but found [false]
at testCases.TC002_LoginPageTest.verifyLogin(TC002_LoginPageTest.java:30)
at java.base/java.util.ArrayList.forEach(ArrayList.java:1596)
... Removed 29 stack frames]]>
    </failure>
  </testcase> <!-- verifyLogin -->
</testsuite> <!-- linux firefox -->
