<?xml version="1.0" encoding="UTF-8"?>
<testng-results ignored="0" total="2" passed="2" failed="0" skipped="0">
  <reporter-output>
  </reporter-output>
  <suite started-at="2024-11-01T10:00:00 IST" name="Suite" finished-at="2024-11-01T10:00:15 IST" duration-ms="14582">
    <groups>
      <group name="Master">
        <method signature="TC002_LoginPageTest.verifyLogin()[pri:0, instance:testCases.TC002_LoginPageTest@340da44c]" name="verifyLogin" class="testCases.TC002_LoginPageTest"/>
        <method signature="TC_001AccountRegistrationTest.verify_accountRegistration()[pri:0, instance:testCases.TC_001AccountRegistrationTest@6b53bcc2]" name="verify_accountRegistration" class="testCases.TC_001AccountRegistrationTest"/>
      </group> <!-- Master -->
      <group name="Sanity">
        <method signature="TC002_LoginPageTest.verifyLogin()[pri:0, instance:testCases.TC002_LoginPageTest@340da44c]" name="verifyLogin" class="testCases.TC002_LoginPageTest"/>
      </group> <!-- Sanity -->
      <group name="Regression">
        <method signature="TC_001AccountRegistrationTest.verify_accountRegistration()[pri:0, instance:testCases.TC_001AccountRegistrationTest@6b53bcc2]" name="verify_accountRegistration" class="testCases.TC_001AccountRegistrationTest"/>
      </group> <!-- Regression -->
    </groups>
    <test started-at="2024-11-01T10:00:00 IST" name="Test" finished-at="2024-11-01T10:00:15 IST" duration-ms="14582">
      <class name="testCases.TC_001AccountRegistrationTest">
        <test-method is-config="true" signature="setApp(java.lang.String,java.lang.String)[pri:0, instance:testCases.TC_001AccountRegistrationTest@6b53bcc2]" started-at="2024-11-01T10:00:00 IST" name="setApp" finished-at="2024-11-01T10:00:06 IST" duration-ms="5029" status="PASS">
          <params>
            <param index="0">
              <value>
                <![CDATA[linux]]>
              </value>
            </param>
            <param index="1">
              <value>
                <![CDATA[chrome]]>
              </value>
            </param>
          </params>
          <reporter-output>
          </reporter-output>
        </test-method> <!-- setApp -->
        <test-method signature="verify_accountRegistration()[pri:0, instance:testCases.TC_001AccountRegistrationTest@6b53bcc2]" started-at="2024-11-01T10:00:06 IST" name="verify_accountRegistration" finished-at="2024-11-01T10:00:08 IST" duration-ms="2434" status="PASS">
          <reporter-output>
          </reporter-output>
        </test-method> <!-- verify_accountRegistration -->
        <test-method is-config="true" signature="tearDown()[pri:0, instance:testCases.TC_001AccountRegistrationTest@6b53bcc2]" started-at="2024-11-01T10:00:08 IST" name="tearDown" finished-at="2024-11-01T10:00:08 IST" duration-ms="162" status="PASS">
          <reporter-output>
          </reporter-output>
        </test-method> <!-- tearDown -->
      </class> <!-- testCases.TC_001AccountRegistrationTest -->
      <class name="testCases.TC002_LoginPageTest">
        <test-method is-config="true" signature="setApp(java.lang.String,java.lang.String)[pri:0, instance:testCases.TC002_LoginPageTest@340da44c]" started-at="2024-11-01T10:00:08 IST" name="setApp" finished-at="2024-11-01T10:00:12 IST" duration-ms="4300" status="PASS">
          <params>
            <param index="0">
              <value>
                <![CDATA[linux]]>
              </value>
            </param>
            <param index="1">
              <value>
                <![CDATA[chrome]]>
              </value>
            </param>
          </params>
          <reporter-output>
          </reporter-output>
        </test-method> <!-- setApp -->
        <test-method signature="verifyLogin()[pri:0, instance:testCases.TC002_LoginPageTest@340da44c]" started-at="2024-11-01T10:00:12 IST" name="verifyLogin" finished-at="2024-11-01T10:00:15 IST" duration-ms="2149" status="PASS">
          <reporter-output>
          </reporter-output>
        </test-method> <!-- verifyLogin -->
        <test-method is-config="true" signature="tearDown()[pri:0, instance:testCases.TC002_LoginPageTest@340da44c]" started-at="2024-11-01T10:00:15 IST" name="tearDown" finished-at="2024-11-01T10:00:15 IST" duration-ms="186" status="PASS">
          <reporter-output>
          </reporter-output>
        </test-method> <!-- tearDown -->
      </class> <!-- testCases.TC002_LoginPageTest -->
    </test> <!-- Test -->
  </suite> <!-- Suite -->
</testng-results>
