<?xml version="1.0" encoding="UTF-8"?>
<testsuite xmlns:xsi="http://www.w3.org/2001/XMLSchema-instance" xsi:noNamespaceSchemaLocation="https://maven.apache.org/surefire/maven-surefire-plugin/xsd/surefire-test-report.xsd" version="3.0.2" name="TestSuite" time="17.869" tests="2" errors="0" skipped="0" failures="0">
  <properties>
[...]
</properties>
  <testcase name="verify_accountRegistration" classname="testCases.TC_001AccountRegistrationTest" time="2.447">
    <system-out><![CDATA[10:00:00.000 [main] DEBUG org.testng.TestNG - suiteXmlPath: "C:\Users\Ravi Yadav\eclipse-workspace1\OpenCart\master.xml"
10:00:06.006 [main] INFO  testCases.TC_001AccountRegistrationTest - ***** Starting TC_001AccountRegistrationTest .... *****
10:00:06.006 [main] INFO  testCases.TC_001AccountRegistrationTest - clicked on MyAccount link
10:00:06.006 [main] INFO  testCases.TC_001AccountRegistrationTest - clicked on Register link
10:00:06.006 [main] INFO  testCases.TC_001AccountRegistrationTest - Providing Customer Details
10:00:08.008 [main] INFO  testCases.TC_001AccountRegistrationTest - Validating expected Message
10:00:08.008 [main] INFO  testCases.TC_001AccountRegistrationTest - ***** Finished TC_001AccountRegistrationTest .... *****
]]></system-out>
    <system-err><![CDATA[Nov 01, 2024 10:00:03 AM org.openqa.selenium.devtools.CdpVersionFinder findNearestMatch
WARNING: Unable to find an exact match for CDP version 130, returning the closest version; found: 129; Please update to a Selenium version that supports CDP version 130
]]></system-err>
  </testcase>
  <testcase name="verifyLogin" classname="testCases.TC002_LoginPageTest" time="2.148">
    <system-out><![CDATA[10:00:12.012 [main] INFO  testCases.TC002_LoginPageTest - *** LoginTestPAge Strated ...****
10:00:15.015 [main] INFO  testCases.TC002_LoginPageTest - ***  LoginTestPAge test finished ...****
]]></system-out>
    <system-err><![CDATA[Nov 01, 2024 10:00:08 AM org.openqa.selenium.remote.http.WebSocket$Listener onError
WARNING: Connection reset
java.net.SocketException: Connection reset
	at java.base/sun.nio.ch.SocketChannelImpl.throwConnectionReset(SocketChannelImpl.java:401)
	at java.base/sun.nio.ch.SocketChannelImpl.read(SocketChannelImpl.java:434)
	at java.net.http/jdk.internal.net.http.SocketTube.readAvailable(SocketTube.java:1178)
	at java.net.http/jdk.internal.net.http.SocketTube$InternalReadPublisher$InternalReadSubscription.read(SocketTube.java:841)
	at java.net.http/jdk.internal.net.http.SocketTube$SocketFlowTask.run(SocketTube.java:181)
	at java.net.http/jdk.internal.net.http.common.SequentialScheduler$SchedulableTask.run(SequentialScheduler.java:207)
	at java.net.http/jdk.internal.net.http.common.SequentialScheduler.runOrSchedule(SequentialScheduler.java:280)
	at java.net.http/jdk.internal.net.http.common.SequentialScheduler.runOrSchedule(SequentialScheduler.java:233)
	at java.net.http/jdk.internal.net.http.SocketTube$InternalReadPublisher$InternalReadSubscription.signalReadable(SocketTube.java:782)
	at java.net.http/jdk.internal.net.http.SocketTube$InternalReadPublisher$ReadEvent.signalEvent(SocketTube.java:965)
	at java.net.http/jdk.internal.net.http.SocketTube$SocketFlowEvent.handle(SocketTube.java:253)
	at java.net.http/jdk.internal.net.http.HttpClientImpl$SelectorManager.handleEvent(HttpClientImpl.java:1469)
	at java.net.http/jdk.internal.net.http.HttpClientImpl$SelectorManager.lambda$run$3(HttpClientImpl.java:1414)
	at java.base/java.util.ArrayList.forEach(ArrayList.java:1596)
	at java.net.http/jdk.internal.net.http.HttpClientImpl$SelectorManager.run(HttpClientImpl.java:1414)

Nov 01, 2024 10:00:10 AM org.openqa.selenium.devtools.CdpVersionFinder findNearestMatch
WARNING: Unable to find an exact match for CDP version 130, returning the closest version; found: 129; Please update to a Selenium version that supports CDP version 130
]]></system-err>
  </testcase>
</testsuite>