<?xml version="1.0" encoding="UTF-8"?>
<testng-results ignored="0" total="1" passed="1" failed="0" skipped="0">
  <reporter-output>
  </reporter-output>
  <suite started-at="2024-12-21T11:45:53 IST" name="Suite" finished-at="2024-12-21T11:46:03 IST" duration-ms="10579">
    <groups>
    </groups>
    <test started-at="2024-12-21T11:45:53 IST" name="Test" finished-at="2024-12-21T11:46:03 IST" duration-ms="10579">
      <class name="testCases.TC004_SearchPageTest">
        <test-method is-config="true" signature="setApp(java.lang.String,java.lang.String)[pri:0, instance:testCases.TC004_SearchPageTest@2a7686a7]" started-at="2024-12-21T11:45:53 IST" name="setApp" finished-at="2024-12-21T11:45:56 IST" duration-ms="2997" status="PASS">
          <params>
            <param index="0">
              <value>
                <![CDATA[linux]]>
              </value>
            </param>
            <param index="1">
              <value>
                <![CDATA[chrome]]>
              </value>
            </param>
          </params>
          <reporter-output>
          </reporter-output>
        </test-method> <!-- setApp -->
        <test-method signature="verify_SearchPage()[pri:0, instance:testCases.TC004_SearchPageTest@2a7686a7]" started-at="2024-12-21T11:45:56 IST" name="verify_SearchPage" finished-at="2024-12-21T11:46:03 IST" duration-ms="7013" status="PASS">
          <reporter-output>
          </reporter-output>
        </test-method> <!-- verify_SearchPage -->
        <test-method is-config="true" signature="tearDown()[pri:0, instance:testCases.TC004_SearchPageTest@2a7686a7]" started-at="2024-12-21T11:46:03 IST" name="tearDown" finished-at="2024-12-21T11:46:03 IST" duration-ms="285" status="PASS">
          <reporter-output>
          </reporter-output>
        </test-method> <!-- tearDown -->
      </class> <!-- testCases.TC004_SearchPageTest -->
    </test> <!-- Test -->
  </suite> <!-- Suite -->
</testng-results>
